2020-05-28 22:41:58,089 INFO [org.springframework.context.support.ClassPathXmlApplicationContext] - Refreshing org.springframework.context.support.ClassPathXmlApplicationContext@7946e1f4: startup date [Thu May 28 22:41:58 CST 2020]; root of context hierarchy
2020-05-28 22:41:58,640 DEBUG [org.springframework.context.annotation.ClassPathBeanDefinitionScanner] - Identified candidate component class: file [F:\workspace\JAVA\wechat_timer\target\classes\com\hzp\service\TaskSrevice.class]
2020-05-28 22:41:58,703 DEBUG [org.springframework.beans.factory.xml.XmlBeanDefinitionReader] - Loaded 11 bean definitions from class path resource [applicationContext.xml]
2020-05-28 22:41:58,704 DEBUG [org.springframework.context.support.ClassPathXmlApplicationContext] - Bean factory for org.springframework.context.support.ClassPathXmlApplicationContext@7946e1f4: org.springframework.beans.factory.support.DefaultListableBeanFactory@667a738: defining beans [taskSrevice,org.springframework.context.annotation.internalConfigurationAnnotationProcessor,org.springframework.context.annotation.internalAutowiredAnnotationProcessor,org.springframework.context.annotation.internalRequiredAnnotationProcessor,org.springframework.context.annotation.internalCommonAnnotationProcessor,org.springframework.context.event.internalEventListenerProcessor,org.springframework.context.event.internalEventListenerFactory,org.springframework.beans.factory.config.PropertyPlaceholderConfigurer#0,dataSource,sqlSessionFactoryBean,org.mybatis.spring.mapper.MapperScannerConfigurer#0]; root of factory hierarchy
2020-05-28 22:41:58,793 DEBUG [org.springframework.beans.factory.support.DefaultListableBeanFactory] - Creating shared instance of singleton bean 'org.springframework.context.annotation.internalConfigurationAnnotationProcessor'
2020-05-28 22:41:59,002 DEBUG [org.springframework.beans.factory.support.DefaultListableBeanFactory] - Creating shared instance of singleton bean 'org.mybatis.spring.mapper.MapperScannerConfigurer#0'
2020-05-28 22:41:59,513 DEBUG [org.apache.ibatis.logging.LogFactory] - Logging initialized using 'class org.apache.ibatis.logging.slf4j.Slf4jImpl' adapter.
2020-05-28 22:41:59,516 DEBUG [org.mybatis.spring.mapper.ClassPathMapperScanner] - Identified candidate component class: file [F:\workspace\JAVA\wechat_timer\target\classes\com\hzp\dao\TaskDao.class]
2020-05-28 22:41:59,518 DEBUG [org.mybatis.spring.mapper.ClassPathMapperScanner] - Creating MapperFactoryBean with name 'taskDao' and 'com.hzp.dao.TaskDao' mapperInterface
2020-05-28 22:41:59,523 DEBUG [org.springframework.beans.factory.support.DefaultListableBeanFactory] - Creating shared instance of singleton bean 'org.springframework.beans.factory.config.PropertyPlaceholderConfigurer#0'
2020-05-28 22:41:59,653 DEBUG [org.springframework.beans.factory.support.DefaultListableBeanFactory] - Creating shared instance of singleton bean 'org.springframework.context.annotation.internalAutowiredAnnotationProcessor'
2020-05-28 22:41:59,662 DEBUG [org.springframework.beans.factory.support.DefaultListableBeanFactory] - Creating shared instance of singleton bean 'org.springframework.context.annotation.internalRequiredAnnotationProcessor'
2020-05-28 22:41:59,664 DEBUG [org.springframework.beans.factory.support.DefaultListableBeanFactory] - Creating shared instance of singleton bean 'org.springframework.context.annotation.internalCommonAnnotationProcessor'
2020-05-28 22:41:59,976 DEBUG [org.springframework.context.support.ClassPathXmlApplicationContext] - Unable to locate MessageSource with name 'messageSource': using default [org.springframework.context.support.DelegatingMessageSource@1a482e36]
2020-05-28 22:41:59,978 DEBUG [org.springframework.context.support.ClassPathXmlApplicationContext] - Unable to locate ApplicationEventMulticaster with name 'applicationEventMulticaster': using default [org.springframework.context.event.SimpleApplicationEventMulticaster@6cf0e0ba]
2020-05-28 22:41:59,979 DEBUG [org.springframework.beans.factory.support.DefaultListableBeanFactory] - Creating shared instance of singleton bean 'taskSrevice'
2020-05-28 22:41:59,990 DEBUG [org.springframework.beans.factory.support.DefaultListableBeanFactory] - Creating shared instance of singleton bean 'taskDao'
2020-05-28 22:42:00,018 DEBUG [org.springframework.beans.factory.support.DefaultListableBeanFactory] - Creating shared instance of singleton bean 'sqlSessionFactoryBean'
2020-05-28 22:42:00,046 DEBUG [org.springframework.beans.factory.support.DefaultListableBeanFactory] - Creating shared instance of singleton bean 'dataSource'
2020-05-28 22:42:00,098 DEBUG [org.mybatis.spring.SqlSessionFactoryBean] - Property 'configuration' or 'configLocation' not specified, using default MyBatis Configuration
2020-05-28 22:42:00,944 DEBUG [org.mybatis.spring.SqlSessionFactoryBean] - Parsed mapper file: 'file [F:\workspace\JAVA\wechat_timer\target\classes\com\hzp\dao\TaskMapper.xml]'
2020-05-28 22:42:00,962 DEBUG [org.springframework.beans.factory.support.DefaultListableBeanFactory] - Creating shared instance of singleton bean 'org.springframework.context.event.internalEventListenerProcessor'
2020-05-28 22:42:00,967 DEBUG [org.springframework.beans.factory.support.DefaultListableBeanFactory] - Creating shared instance of singleton bean 'org.springframework.context.event.internalEventListenerFactory'
2020-05-28 22:42:01,004 DEBUG [org.springframework.context.support.ClassPathXmlApplicationContext] - Unable to locate LifecycleProcessor with name 'lifecycleProcessor': using default [org.springframework.context.support.DefaultLifecycleProcessor@117159c0]
2020-05-28 22:42:01,038 DEBUG [org.mybatis.spring.SqlSessionUtils] - Creating a new SqlSession
2020-05-28 22:42:01,042 DEBUG [org.mybatis.spring.SqlSessionUtils] - SqlSession [org.apache.ibatis.session.defaults.DefaultSqlSession@6e9a5ed8] was not registered for synchronization because synchronization is not active
2020-05-28 22:42:01,070 DEBUG [org.springframework.jdbc.datasource.DataSourceUtils] - Fetching JDBC Connection from DataSource
2020-05-28 22:42:01,977 DEBUG [org.mybatis.spring.transaction.SpringManagedTransaction] - JDBC Connection [jdbc:mysql://rm-bp157x17vhu96s27zwo.mysql.rds.aliyuncs.com:3306/wechat?useUnicode=true&characterEncoding=utf8&serverTimezone=GMT%2B8&useSSL=false&allowMultiQueries=true, UserName=gaga@59.52.206.119, MySQL Connector/J] will not be managed by Spring
2020-05-28 22:42:01,983 DEBUG [com.hzp.dao.TaskDao.getAllTask] - ==>  Preparing: select t.* , c.id "c_id" ,c.name "c_name", c.type "c_type", c.creattime ,c.overtime from Task t,children c where appid=? and t.id = c.parentid; 
2020-05-28 22:42:02,008 DEBUG [com.hzp.dao.TaskDao.getAllTask] - ==> Parameters: asdasdasdfga13213(String)
2020-05-28 22:42:02,036 DEBUG [com.hzp.dao.TaskDao.getAllTask] - <==      Total: 0
2020-05-28 22:42:02,038 DEBUG [org.mybatis.spring.SqlSessionUtils] - Closing non transactional SqlSession [org.apache.ibatis.session.defaults.DefaultSqlSession@6e9a5ed8]
2020-05-28 22:42:02,039 DEBUG [org.mybatis.spring.SqlSessionUtils] - Creating a new SqlSession
2020-05-28 22:42:02,039 DEBUG [org.mybatis.spring.SqlSessionUtils] - SqlSession [org.apache.ibatis.session.defaults.DefaultSqlSession@63611043] was not registered for synchronization because synchronization is not active
2020-05-28 22:42:02,040 DEBUG [org.springframework.jdbc.datasource.DataSourceUtils] - Fetching JDBC Connection from DataSource
2020-05-28 22:42:02,054 DEBUG [org.mybatis.spring.transaction.SpringManagedTransaction] - JDBC Connection [jdbc:mysql://rm-bp157x17vhu96s27zwo.mysql.rds.aliyuncs.com:3306/wechat?useUnicode=true&characterEncoding=utf8&serverTimezone=GMT%2B8&useSSL=false&allowMultiQueries=true, UserName=gaga@59.52.206.119, MySQL Connector/J] will not be managed by Spring
2020-05-28 22:42:02,055 DEBUG [com.hzp.dao.TaskDao.getAllTask] - ==>  Preparing: select t.* , c.id "c_id" ,c.name "c_name", c.type "c_type", c.creattime ,c.overtime from Task t,children c where appid=? and t.id = c.parentid; 
2020-05-28 22:42:02,055 DEBUG [com.hzp.dao.TaskDao.getAllTask] - ==> Parameters: asdasdasdfga13213(String)
2020-05-28 22:42:02,071 DEBUG [com.hzp.dao.TaskDao.getAllTask] - <==      Total: 0
2020-05-28 22:42:02,072 DEBUG [org.mybatis.spring.SqlSessionUtils] - Closing non transactional SqlSession [org.apache.ibatis.session.defaults.DefaultSqlSession@63611043]
2020-05-28 22:42:02,075 INFO [org.springframework.context.support.ClassPathXmlApplicationContext] - Refreshing org.springframework.context.support.ClassPathXmlApplicationContext@600b9d27: startup date [Thu May 28 22:42:02 CST 2020]; root of context hierarchy
2020-05-28 22:42:02,109 DEBUG [org.springframework.context.annotation.ClassPathBeanDefinitionScanner] - Identified candidate component class: file [F:\workspace\JAVA\wechat_timer\target\classes\com\hzp\service\TaskSrevice.class]
2020-05-28 22:42:02,112 DEBUG [org.springframework.beans.factory.xml.XmlBeanDefinitionReader] - Loaded 11 bean definitions from class path resource [applicationContext.xml]
2020-05-28 22:42:02,112 DEBUG [org.springframework.context.support.ClassPathXmlApplicationContext] - Bean factory for org.springframework.context.support.ClassPathXmlApplicationContext@600b9d27: org.springframework.beans.factory.support.DefaultListableBeanFactory@3403e2ac: defining beans [taskSrevice,org.springframework.context.annotation.internalConfigurationAnnotationProcessor,org.springframework.context.annotation.internalAutowiredAnnotationProcessor,org.springframework.context.annotation.internalRequiredAnnotationProcessor,org.springframework.context.annotation.internalCommonAnnotationProcessor,org.springframework.context.event.internalEventListenerProcessor,org.springframework.context.event.internalEventListenerFactory,org.springframework.beans.factory.config.PropertyPlaceholderConfigurer#0,dataSource,sqlSessionFactoryBean,org.mybatis.spring.mapper.MapperScannerConfigurer#0]; root of factory hierarchy
2020-05-28 22:42:02,113 DEBUG [org.springframework.beans.factory.support.DefaultListableBeanFactory] - Creating shared instance of singleton bean 'org.springframework.context.annotation.internalConfigurationAnnotationProcessor'
2020-05-28 22:42:02,118 DEBUG [org.springframework.beans.factory.support.DefaultListableBeanFactory] - Creating shared instance of singleton bean 'org.mybatis.spring.mapper.MapperScannerConfigurer#0'
2020-05-28 22:42:02,120 DEBUG [org.mybatis.spring.mapper.ClassPathMapperScanner] - Identified candidate component class: file [F:\workspace\JAVA\wechat_timer\target\classes\com\hzp\dao\TaskDao.class]
2020-05-28 22:42:02,120 DEBUG [org.mybatis.spring.mapper.ClassPathMapperScanner] - Creating MapperFactoryBean with name 'taskDao' and 'com.hzp.dao.TaskDao' mapperInterface
2020-05-28 22:42:02,121 DEBUG [org.springframework.beans.factory.support.DefaultListableBeanFactory] - Creating shared instance of singleton bean 'org.springframework.beans.factory.config.PropertyPlaceholderConfigurer#0'
2020-05-28 22:42:02,123 DEBUG [org.springframework.beans.factory.support.DefaultListableBeanFactory] - Creating shared instance of singleton bean 'org.springframework.context.annotation.internalAutowiredAnnotationProcessor'
2020-05-28 22:42:02,124 DEBUG [org.springframework.beans.factory.support.DefaultListableBeanFactory] - Creating shared instance of singleton bean 'org.springframework.context.annotation.internalRequiredAnnotationProcessor'
2020-05-28 22:42:02,126 DEBUG [org.springframework.beans.factory.support.DefaultListableBeanFactory] - Creating shared instance of singleton bean 'org.springframework.context.annotation.internalCommonAnnotationProcessor'
2020-05-28 22:42:02,127 DEBUG [org.springframework.context.support.ClassPathXmlApplicationContext] - Unable to locate MessageSource with name 'messageSource': using default [org.springframework.context.support.DelegatingMessageSource@5be46f9d]
2020-05-28 22:42:02,128 DEBUG [org.springframework.context.support.ClassPathXmlApplicationContext] - Unable to locate ApplicationEventMulticaster with name 'applicationEventMulticaster': using default [org.springframework.context.event.SimpleApplicationEventMulticaster@3f91b517]
2020-05-28 22:42:02,128 DEBUG [org.springframework.beans.factory.support.DefaultListableBeanFactory] - Creating shared instance of singleton bean 'taskSrevice'
2020-05-28 22:42:02,130 DEBUG [org.springframework.beans.factory.support.DefaultListableBeanFactory] - Creating shared instance of singleton bean 'taskDao'
2020-05-28 22:42:02,133 DEBUG [org.springframework.beans.factory.support.DefaultListableBeanFactory] - Creating shared instance of singleton bean 'sqlSessionFactoryBean'
2020-05-28 22:42:02,135 DEBUG [org.springframework.beans.factory.support.DefaultListableBeanFactory] - Creating shared instance of singleton bean 'dataSource'
2020-05-28 22:42:02,139 DEBUG [org.mybatis.spring.SqlSessionFactoryBean] - Property 'configuration' or 'configLocation' not specified, using default MyBatis Configuration
2020-05-28 22:42:02,156 DEBUG [org.mybatis.spring.SqlSessionFactoryBean] - Parsed mapper file: 'file [F:\workspace\JAVA\wechat_timer\target\classes\com\hzp\dao\TaskMapper.xml]'
2020-05-28 22:42:02,157 DEBUG [org.springframework.beans.factory.support.DefaultListableBeanFactory] - Creating shared instance of singleton bean 'org.springframework.context.event.internalEventListenerProcessor'
2020-05-28 22:42:02,158 DEBUG [org.springframework.beans.factory.support.DefaultListableBeanFactory] - Creating shared instance of singleton bean 'org.springframework.context.event.internalEventListenerFactory'
2020-05-28 22:42:02,169 DEBUG [org.springframework.context.support.ClassPathXmlApplicationContext] - Unable to locate LifecycleProcessor with name 'lifecycleProcessor': using default [org.springframework.context.support.DefaultLifecycleProcessor@58ce9668]
2020-05-28 22:42:02,298 INFO [org.springframework.context.support.ClassPathXmlApplicationContext] - Refreshing org.springframework.context.support.ClassPathXmlApplicationContext@676cf48: startup date [Thu May 28 22:42:02 CST 2020]; root of context hierarchy
2020-05-28 22:42:02,326 DEBUG [org.springframework.context.annotation.ClassPathBeanDefinitionScanner] - Identified candidate component class: file [F:\workspace\JAVA\wechat_timer\target\classes\com\hzp\service\TaskSrevice.class]
2020-05-28 22:42:02,329 DEBUG [org.springframework.beans.factory.xml.XmlBeanDefinitionReader] - Loaded 11 bean definitions from class path resource [applicationContext.xml]
2020-05-28 22:42:02,329 DEBUG [org.springframework.context.support.ClassPathXmlApplicationContext] - Bean factory for org.springframework.context.support.ClassPathXmlApplicationContext@676cf48: org.springframework.beans.factory.support.DefaultListableBeanFactory@2a62b5bc: defining beans [taskSrevice,org.springframework.context.annotation.internalConfigurationAnnotationProcessor,org.springframework.context.annotation.internalAutowiredAnnotationProcessor,org.springframework.context.annotation.internalRequiredAnnotationProcessor,org.springframework.context.annotation.internalCommonAnnotationProcessor,org.springframework.context.event.internalEventListenerProcessor,org.springframework.context.event.internalEventListenerFactory,org.springframework.beans.factory.config.PropertyPlaceholderConfigurer#0,dataSource,sqlSessionFactoryBean,org.mybatis.spring.mapper.MapperScannerConfigurer#0]; root of factory hierarchy
2020-05-28 22:42:02,330 DEBUG [org.springframework.beans.factory.support.DefaultListableBeanFactory] - Creating shared instance of singleton bean 'org.springframework.context.annotation.internalConfigurationAnnotationProcessor'
2020-05-28 22:42:02,334 DEBUG [org.springframework.beans.factory.support.DefaultListableBeanFactory] - Creating shared instance of singleton bean 'org.mybatis.spring.mapper.MapperScannerConfigurer#0'
2020-05-28 22:42:02,336 DEBUG [org.mybatis.spring.mapper.ClassPathMapperScanner] - Identified candidate component class: file [F:\workspace\JAVA\wechat_timer\target\classes\com\hzp\dao\TaskDao.class]
2020-05-28 22:42:02,336 DEBUG [org.mybatis.spring.mapper.ClassPathMapperScanner] - Creating MapperFactoryBean with name 'taskDao' and 'com.hzp.dao.TaskDao' mapperInterface
2020-05-28 22:42:02,337 DEBUG [org.springframework.beans.factory.support.DefaultListableBeanFactory] - Creating shared instance of singleton bean 'org.springframework.beans.factory.config.PropertyPlaceholderConfigurer#0'
2020-05-28 22:42:02,338 DEBUG [org.springframework.beans.factory.support.DefaultListableBeanFactory] - Creating shared instance of singleton bean 'org.springframework.context.annotation.internalAutowiredAnnotationProcessor'
2020-05-28 22:42:02,339 DEBUG [org.springframework.beans.factory.support.DefaultListableBeanFactory] - Creating shared instance of singleton bean 'org.springframework.context.annotation.internalRequiredAnnotationProcessor'
2020-05-28 22:42:02,340 DEBUG [org.springframework.beans.factory.support.DefaultListableBeanFactory] - Creating shared instance of singleton bean 'org.springframework.context.annotation.internalCommonAnnotationProcessor'
2020-05-28 22:42:02,341 DEBUG [org.springframework.context.support.ClassPathXmlApplicationContext] - Unable to locate MessageSource with name 'messageSource': using default [org.springframework.context.support.DelegatingMessageSource@561868a0]
2020-05-28 22:42:02,341 DEBUG [org.springframework.context.support.ClassPathXmlApplicationContext] - Unable to locate ApplicationEventMulticaster with name 'applicationEventMulticaster': using default [org.springframework.context.event.SimpleApplicationEventMulticaster@2ea6e30c]
2020-05-28 22:42:02,342 DEBUG [org.springframework.beans.factory.support.DefaultListableBeanFactory] - Creating shared instance of singleton bean 'taskSrevice'
2020-05-28 22:42:02,342 DEBUG [org.springframework.beans.factory.support.DefaultListableBeanFactory] - Creating shared instance of singleton bean 'taskDao'
2020-05-28 22:42:02,344 DEBUG [org.springframework.beans.factory.support.DefaultListableBeanFactory] - Creating shared instance of singleton bean 'sqlSessionFactoryBean'
2020-05-28 22:42:02,346 DEBUG [org.springframework.beans.factory.support.DefaultListableBeanFactory] - Creating shared instance of singleton bean 'dataSource'
2020-05-28 22:42:02,348 DEBUG [org.mybatis.spring.SqlSessionFactoryBean] - Property 'configuration' or 'configLocation' not specified, using default MyBatis Configuration
2020-05-28 22:42:02,360 DEBUG [org.mybatis.spring.SqlSessionFactoryBean] - Parsed mapper file: 'file [F:\workspace\JAVA\wechat_timer\target\classes\com\hzp\dao\TaskMapper.xml]'
2020-05-28 22:42:02,361 DEBUG [org.springframework.beans.factory.support.DefaultListableBeanFactory] - Creating shared instance of singleton bean 'org.springframework.context.event.internalEventListenerProcessor'
2020-05-28 22:42:02,362 DEBUG [org.springframework.beans.factory.support.DefaultListableBeanFactory] - Creating shared instance of singleton bean 'org.springframework.context.event.internalEventListenerFactory'
2020-05-28 22:42:02,367 DEBUG [org.springframework.context.support.ClassPathXmlApplicationContext] - Unable to locate LifecycleProcessor with name 'lifecycleProcessor': using default [org.springframework.context.support.DefaultLifecycleProcessor@531f4093]
2020-05-28 22:42:02,368 INFO [org.springframework.context.support.ClassPathXmlApplicationContext] - Refreshing org.springframework.context.support.ClassPathXmlApplicationContext@62ef27a8: startup date [Thu May 28 22:42:02 CST 2020]; root of context hierarchy
2020-05-28 22:42:02,396 DEBUG [org.springframework.context.annotation.ClassPathBeanDefinitionScanner] - Identified candidate component class: file [F:\workspace\JAVA\wechat_timer\target\classes\com\hzp\service\TaskSrevice.class]
2020-05-28 22:42:02,400 DEBUG [org.springframework.beans.factory.xml.XmlBeanDefinitionReader] - Loaded 11 bean definitions from class path resource [applicationContext.xml]
2020-05-28 22:42:02,401 DEBUG [org.springframework.context.support.ClassPathXmlApplicationContext] - Bean factory for org.springframework.context.support.ClassPathXmlApplicationContext@62ef27a8: org.springframework.beans.factory.support.DefaultListableBeanFactory@6d1ef78d: defining beans [taskSrevice,org.springframework.context.annotation.internalConfigurationAnnotationProcessor,org.springframework.context.annotation.internalAutowiredAnnotationProcessor,org.springframework.context.annotation.internalRequiredAnnotationProcessor,org.springframework.context.annotation.internalCommonAnnotationProcessor,org.springframework.context.event.internalEventListenerProcessor,org.springframework.context.event.internalEventListenerFactory,org.springframework.beans.factory.config.PropertyPlaceholderConfigurer#0,dataSource,sqlSessionFactoryBean,org.mybatis.spring.mapper.MapperScannerConfigurer#0]; root of factory hierarchy
2020-05-28 22:42:02,402 DEBUG [org.springframework.beans.factory.support.DefaultListableBeanFactory] - Creating shared instance of singleton bean 'org.springframework.context.annotation.internalConfigurationAnnotationProcessor'
2020-05-28 22:42:02,408 DEBUG [org.springframework.beans.factory.support.DefaultListableBeanFactory] - Creating shared instance of singleton bean 'org.mybatis.spring.mapper.MapperScannerConfigurer#0'
2020-05-28 22:42:02,412 DEBUG [org.mybatis.spring.mapper.ClassPathMapperScanner] - Identified candidate component class: file [F:\workspace\JAVA\wechat_timer\target\classes\com\hzp\dao\TaskDao.class]
2020-05-28 22:42:02,413 DEBUG [org.mybatis.spring.mapper.ClassPathMapperScanner] - Creating MapperFactoryBean with name 'taskDao' and 'com.hzp.dao.TaskDao' mapperInterface
2020-05-28 22:42:02,414 DEBUG [org.springframework.beans.factory.support.DefaultListableBeanFactory] - Creating shared instance of singleton bean 'org.springframework.beans.factory.config.PropertyPlaceholderConfigurer#0'
2020-05-28 22:42:02,416 DEBUG [org.springframework.beans.factory.support.DefaultListableBeanFactory] - Creating shared instance of singleton bean 'org.springframework.context.annotation.internalAutowiredAnnotationProcessor'
2020-05-28 22:42:02,418 DEBUG [org.springframework.beans.factory.support.DefaultListableBeanFactory] - Creating shared instance of singleton bean 'org.springframework.context.annotation.internalRequiredAnnotationProcessor'
2020-05-28 22:42:02,419 DEBUG [org.springframework.beans.factory.support.DefaultListableBeanFactory] - Creating shared instance of singleton bean 'org.springframework.context.annotation.internalCommonAnnotationProcessor'
2020-05-28 22:42:02,420 DEBUG [org.springframework.context.support.ClassPathXmlApplicationContext] - Unable to locate MessageSource with name 'messageSource': using default [org.springframework.context.support.DelegatingMessageSource@1941a8ff]
2020-05-28 22:42:02,420 DEBUG [org.springframework.context.support.ClassPathXmlApplicationContext] - Unable to locate ApplicationEventMulticaster with name 'applicationEventMulticaster': using default [org.springframework.context.event.SimpleApplicationEventMulticaster@22d7b4f8]
2020-05-28 22:42:02,421 DEBUG [org.springframework.beans.factory.support.DefaultListableBeanFactory] - Creating shared instance of singleton bean 'taskSrevice'
2020-05-28 22:42:02,424 DEBUG [org.springframework.beans.factory.support.DefaultListableBeanFactory] - Creating shared instance of singleton bean 'taskDao'
2020-05-28 22:42:02,426 DEBUG [org.springframework.beans.factory.support.DefaultListableBeanFactory] - Creating shared instance of singleton bean 'sqlSessionFactoryBean'
2020-05-28 22:42:02,428 DEBUG [org.springframework.beans.factory.support.DefaultListableBeanFactory] - Creating shared instance of singleton bean 'dataSource'
2020-05-28 22:42:02,431 DEBUG [org.mybatis.spring.SqlSessionFactoryBean] - Property 'configuration' or 'configLocation' not specified, using default MyBatis Configuration
2020-05-28 22:42:02,447 DEBUG [org.mybatis.spring.SqlSessionFactoryBean] - Parsed mapper file: 'file [F:\workspace\JAVA\wechat_timer\target\classes\com\hzp\dao\TaskMapper.xml]'
2020-05-28 22:42:02,448 DEBUG [org.springframework.beans.factory.support.DefaultListableBeanFactory] - Creating shared instance of singleton bean 'org.springframework.context.event.internalEventListenerProcessor'
2020-05-28 22:42:02,449 DEBUG [org.springframework.beans.factory.support.DefaultListableBeanFactory] - Creating shared instance of singleton bean 'org.springframework.context.event.internalEventListenerFactory'
2020-05-28 22:42:02,453 DEBUG [org.springframework.context.support.ClassPathXmlApplicationContext] - Unable to locate LifecycleProcessor with name 'lifecycleProcessor': using default [org.springframework.context.support.DefaultLifecycleProcessor@4f1bfe23]
2020-05-28 22:42:02,473 DEBUG [org.mybatis.spring.SqlSessionUtils] - Creating a new SqlSession
2020-05-28 22:42:02,473 DEBUG [org.mybatis.spring.SqlSessionUtils] - SqlSession [org.apache.ibatis.session.defaults.DefaultSqlSession@487db668] was not registered for synchronization because synchronization is not active
2020-05-28 22:42:02,474 DEBUG [org.springframework.jdbc.datasource.DataSourceUtils] - Fetching JDBC Connection from DataSource
2020-05-28 22:42:02,732 DEBUG [org.mybatis.spring.transaction.SpringManagedTransaction] - JDBC Connection [jdbc:mysql://rm-bp157x17vhu96s27zwo.mysql.rds.aliyuncs.com:3306/wechat?useUnicode=true&characterEncoding=utf8&serverTimezone=GMT%2B8&useSSL=false&allowMultiQueries=true, UserName=gaga@59.52.206.119, MySQL Connector/J] will not be managed by Spring
2020-05-28 22:42:02,732 DEBUG [com.hzp.dao.TaskDao.setTask] - ==>  Preparing: INSERT INTO `task` (`name`, `type`, `time`,`appid`) VALUES (?,?,?,?); 
2020-05-28 22:42:02,734 DEBUG [com.hzp.dao.TaskDao.setTask] - ==> Parameters: ???§³???????(String), 2(String), 2020/05/06 22:38:01(String), o-F__4zq-g8GG8UpSowltQdWdrdw(String)
2020-05-28 22:42:02,776 DEBUG [com.hzp.dao.TaskDao.setTask] - <==    Updates: 1
2020-05-28 22:42:02,779 DEBUG [org.mybatis.spring.SqlSessionUtils] - Closing non transactional SqlSession [org.apache.ibatis.session.defaults.DefaultSqlSession@487db668]
2020-05-28 22:42:02,780 DEBUG [org.mybatis.spring.SqlSessionUtils] - Creating a new SqlSession
2020-05-28 22:42:02,780 DEBUG [org.mybatis.spring.SqlSessionUtils] - SqlSession [org.apache.ibatis.session.defaults.DefaultSqlSession@12ed9db6] was not registered for synchronization because synchronization is not active
2020-05-28 22:42:02,809 DEBUG [org.springframework.jdbc.datasource.DataSourceUtils] - Fetching JDBC Connection from DataSource
2020-05-28 22:42:02,822 DEBUG [org.mybatis.spring.transaction.SpringManagedTransaction] - JDBC Connection [jdbc:mysql://rm-bp157x17vhu96s27zwo.mysql.rds.aliyuncs.com:3306/wechat?useUnicode=true&characterEncoding=utf8&serverTimezone=GMT%2B8&useSSL=false&allowMultiQueries=true, UserName=gaga@59.52.206.119, MySQL Connector/J] will not be managed by Spring
2020-05-28 22:42:02,822 DEBUG [com.hzp.dao.TaskDao.setChildren] - ==>  Preparing: INSERT INTO `children` (`parentid`, `name`, `type`,`creattime`,`overtime`,`img`) VALUES (?,?,?,?,?,?) 
2020-05-28 22:42:02,825 DEBUG [com.hzp.dao.TaskDao.setChildren] - ==> Parameters: 14(Integer), ?????(String), 1(String), 2020-05-09 00:00:00.0(Timestamp), null, null
2020-05-28 22:42:02,854 DEBUG [com.hzp.dao.TaskDao.setChildren] - <==    Updates: 1
2020-05-28 22:42:02,854 DEBUG [org.mybatis.spring.SqlSessionUtils] - Closing non transactional SqlSession [org.apache.ibatis.session.defaults.DefaultSqlSession@12ed9db6]
2020-05-28 22:42:02,855 INFO [org.springframework.context.support.ClassPathXmlApplicationContext] - Refreshing org.springframework.context.support.ClassPathXmlApplicationContext@79351f41: startup date [Thu May 28 22:42:02 CST 2020]; root of context hierarchy
2020-05-28 22:42:02,877 DEBUG [org.springframework.context.annotation.ClassPathBeanDefinitionScanner] - Identified candidate component class: file [F:\workspace\JAVA\wechat_timer\target\classes\com\hzp\service\TaskSrevice.class]
2020-05-28 22:42:02,879 DEBUG [org.springframework.beans.factory.xml.XmlBeanDefinitionReader] - Loaded 11 bean definitions from class path resource [applicationContext.xml]
2020-05-28 22:42:02,880 DEBUG [org.springframework.context.support.ClassPathXmlApplicationContext] - Bean factory for org.springframework.context.support.ClassPathXmlApplicationContext@79351f41: org.springframework.beans.factory.support.DefaultListableBeanFactory@77b14724: defining beans [taskSrevice,org.springframework.context.annotation.internalConfigurationAnnotationProcessor,org.springframework.context.annotation.internalAutowiredAnnotationProcessor,org.springframework.context.annotation.internalRequiredAnnotationProcessor,org.springframework.context.annotation.internalCommonAnnotationProcessor,org.springframework.context.event.internalEventListenerProcessor,org.springframework.context.event.internalEventListenerFactory,org.springframework.beans.factory.config.PropertyPlaceholderConfigurer#0,dataSource,sqlSessionFactoryBean,org.mybatis.spring.mapper.MapperScannerConfigurer#0]; root of factory hierarchy
2020-05-28 22:42:02,881 DEBUG [org.springframework.beans.factory.support.DefaultListableBeanFactory] - Creating shared instance of singleton bean 'org.springframework.context.annotation.internalConfigurationAnnotationProcessor'
2020-05-28 22:42:02,886 DEBUG [org.springframework.beans.factory.support.DefaultListableBeanFactory] - Creating shared instance of singleton bean 'org.mybatis.spring.mapper.MapperScannerConfigurer#0'
2020-05-28 22:42:02,888 DEBUG [org.mybatis.spring.mapper.ClassPathMapperScanner] - Identified candidate component class: file [F:\workspace\JAVA\wechat_timer\target\classes\com\hzp\dao\TaskDao.class]
2020-05-28 22:42:02,888 DEBUG [org.mybatis.spring.mapper.ClassPathMapperScanner] - Creating MapperFactoryBean with name 'taskDao' and 'com.hzp.dao.TaskDao' mapperInterface
2020-05-28 22:42:02,889 DEBUG [org.springframework.beans.factory.support.DefaultListableBeanFactory] - Creating shared instance of singleton bean 'org.springframework.beans.factory.config.PropertyPlaceholderConfigurer#0'
2020-05-28 22:42:02,891 DEBUG [org.springframework.beans.factory.support.DefaultListableBeanFactory] - Creating shared instance of singleton bean 'org.springframework.context.annotation.internalAutowiredAnnotationProcessor'
2020-05-28 22:42:02,892 DEBUG [org.springframework.beans.factory.support.DefaultListableBeanFactory] - Creating shared instance of singleton bean 'org.springframework.context.annotation.internalRequiredAnnotationProcessor'
2020-05-28 22:42:02,893 DEBUG [org.springframework.beans.factory.support.DefaultListableBeanFactory] - Creating shared instance of singleton bean 'org.springframework.context.annotation.internalCommonAnnotationProcessor'
2020-05-28 22:42:02,893 DEBUG [org.springframework.context.support.ClassPathXmlApplicationContext] - Unable to locate MessageSource with name 'messageSource': using default [org.springframework.context.support.DelegatingMessageSource@663411de]
2020-05-28 22:42:02,893 DEBUG [org.springframework.context.support.ClassPathXmlApplicationContext] - Unable to locate ApplicationEventMulticaster with name 'applicationEventMulticaster': using default [org.springframework.context.event.SimpleApplicationEventMulticaster@63dd899]
2020-05-28 22:42:02,893 DEBUG [org.springframework.beans.factory.support.DefaultListableBeanFactory] - Creating shared instance of singleton bean 'taskSrevice'
2020-05-28 22:42:02,894 DEBUG [org.springframework.beans.factory.support.DefaultListableBeanFactory] - Creating shared instance of singleton bean 'taskDao'
2020-05-28 22:42:02,894 DEBUG [org.springframework.beans.factory.support.DefaultListableBeanFactory] - Creating shared instance of singleton bean 'sqlSessionFactoryBean'
2020-05-28 22:42:02,894 DEBUG [org.springframework.beans.factory.support.DefaultListableBeanFactory] - Creating shared instance of singleton bean 'dataSource'
2020-05-28 22:42:02,899 DEBUG [org.mybatis.spring.SqlSessionFactoryBean] - Property 'configuration' or 'configLocation' not specified, using default MyBatis Configuration
2020-05-28 22:42:02,913 DEBUG [org.mybatis.spring.SqlSessionFactoryBean] - Parsed mapper file: 'file [F:\workspace\JAVA\wechat_timer\target\classes\com\hzp\dao\TaskMapper.xml]'
2020-05-28 22:42:02,914 DEBUG [org.springframework.beans.factory.support.DefaultListableBeanFactory] - Creating shared instance of singleton bean 'org.springframework.context.event.internalEventListenerProcessor'
2020-05-28 22:42:02,915 DEBUG [org.springframework.beans.factory.support.DefaultListableBeanFactory] - Creating shared instance of singleton bean 'org.springframework.context.event.internalEventListenerFactory'
2020-05-28 22:42:02,920 DEBUG [org.springframework.context.support.ClassPathXmlApplicationContext] - Unable to locate LifecycleProcessor with name 'lifecycleProcessor': using default [org.springframework.context.support.DefaultLifecycleProcessor@34cdeda2]
